<?xml version="1.0" encoding="UTF-8"?>
<!-- Generated by org.testng.reporters.JUnitReportReporter -->
<testsuite hostname="DESKTOP-95BQ4HS" failures="0" tests="2" name="testpages.ManageDataTest" time="28.710" errors="0" timestamp="2024-07-16T15:51:38 IST" skipped="0">
  <testcase classname="testpages.ManageDataTest" name="addNewInvoice" time="14.332"/>
  <testcase classname="testpages.ManageDataTest" name="addNewInvoice" time="14.378"/>
</testsuite> <!-- testpages.ManageDataTest -->
