<?xml version="1.0" encoding="UTF-8"?>
<!-- Generated by org.testng.reporters.JUnitReportReporter -->
<testsuite hostname="DESKTOP-95BQ4HS" failures="0" tests="3" name="testpages.LoginPageTest" time="24.585" errors="0" timestamp="2025-04-22T12:05:12 IST" skipped="0">
  <testcase classname="testpages.LoginPageTest" name="invalidLogin" time="9.339"/>
  <system-out/>
  <testcase classname="testpages.LoginPageTest" name="login" time="11.043"/>
  <system-out/>
  <testcase classname="testpages.LoginPageTest" name="validateLoginPageTitle" time="4.203"/>
  <system-out/>
</testsuite> <!-- testpages.LoginPageTest -->
