<?xml version="1.0" encoding="UTF-8"?>
<!-- Generated by org.testng.reporters.JUnitReportReporter -->
<testsuite hostname="DESKTOP-95BQ4HS" failures="0" tests="2" name="testpages.ManageDataTest" time="32.287" errors="0" timestamp="2024-07-16T16:43:45 IST" skipped="0">
  <testcase classname="testpages.ManageDataTest" name="addNewInvoice" time="16.798"/>
  <system-out/>
  <testcase classname="testpages.ManageDataTest" name="addNewInvoice" time="15.489"/>
  <system-out/>
</testsuite> <!-- testpages.ManageDataTest -->
