<?xml version="1.0" encoding="UTF-8"?>
<!-- Generated by org.testng.reporters.JUnitReportReporter -->
<testsuite hostname="DESKTOP-95BQ4HS" failures="0" tests="1" name="testpages.UsersPageTest" time="22.520" errors="0" timestamp="2024-07-19T15:42:20 IST" skipped="0">
  <testcase classname="testpages.UsersPageTest" name="addNewInvoice" time="22.520"/>
  <system-out/>
</testsuite> <!-- testpages.UsersPageTest -->
