<?xml version="1.0" encoding="UTF-8"?>
<!-- Generated by org.testng.reporters.JUnitReportReporter -->
<testsuite hostname="DESKTOP-95BQ4HS" failures="0" tests="3" name="testpages.LoginPageTest" time="22.784" errors="0" timestamp="2024-07-16T16:43:45 IST" skipped="0">
  <testcase classname="testpages.LoginPageTest" name="invalidLogin" time="7.518"/>
  <system-out/>
  <testcase classname="testpages.LoginPageTest" name="login" time="11.369"/>
  <system-out/>
  <testcase classname="testpages.LoginPageTest" name="validateLoginPageTitle" time="3.897"/>
  <system-out/>
</testsuite> <!-- testpages.LoginPageTest -->
