<?xml version="1.0" encoding="UTF-8"?>
<!-- Generated by org.testng.reporters.JUnitReportReporter -->
<testsuite hostname="DESKTOP-95BQ4HS" failures="0" tests="1" name="testpages.ManageDataTest" time="0.000" errors="0" timestamp="2025-04-08T14:30:20 IST" skipped="1">
  <testcase classname="testpages.ManageDataTest" name="addNewInvoice" time="0.000">
    <skipped/>
  </testcase> <!-- addNewInvoice -->
  <system-out/>
</testsuite> <!-- testpages.ManageDataTest -->
