<?xml version="1.0" encoding="UTF-8"?>
<!-- Generated by org.testng.reporters.JUnitReportReporter -->
<testsuite hostname="DESKTOP-95BQ4HS" failures="0" tests="1" name="BaseTest" time="0.064" errors="0" timestamp="2024-04-30T17:35:48 IST" skipped="0">
  <testcase classname="BaseTest" name="print" time="0.064"/>
</testsuite> <!-- BaseTest -->
