<?xml version="1.0" encoding="UTF-8"?>
<!-- Generated by org.testng.reporters.JUnitReportReporter -->
<testsuite hostname="DESKTOP-95BQ4HS" failures="0" tests="3" name="testpages.LoginPageTest" time="24.015" errors="0" timestamp="2024-07-16T16:06:00 IST" skipped="0">
  <testcase classname="testpages.LoginPageTest" name="invalidLogin" time="11.806"/>
  <testcase classname="testpages.LoginPageTest" name="login" time="7.518"/>
  <testcase classname="testpages.LoginPageTest" name="validateLoginPageTitle" time="4.691"/>
</testsuite> <!-- testpages.LoginPageTest -->
