<?xml version="1.0" encoding="UTF-8"?>
<!-- Generated by org.testng.reporters.JUnitReportReporter -->
<testsuite hostname="DESKTOP-95BQ4HS" failures="0" tests="3" name="testpages.LoginPageTest" time="18.694" errors="0" timestamp="2024-07-16T15:51:38 IST" skipped="0">
  <testcase classname="testpages.LoginPageTest" name="invalidLogin" time="6.916"/>
  <testcase classname="testpages.LoginPageTest" name="login" time="7.112"/>
  <testcase classname="testpages.LoginPageTest" name="validateLoginPageTitle" time="4.666"/>
</testsuite> <!-- testpages.LoginPageTest -->
