<?xml version="1.0" encoding="UTF-8"?>
<!-- Generated by org.testng.reporters.JUnitReportReporter -->
<testsuite hostname="DESKTOP-95BQ4HS" failures="0" tests="1" name="testpages.UsersPageTest" time="26.016" errors="0" timestamp="2025-04-08T14:16:46 IST" skipped="0">
  <testcase classname="testpages.UsersPageTest" name="addNewInvoice" time="26.016"/>
  <system-out/>
</testsuite> <!-- testpages.UsersPageTest -->
